
Gurobi 6.0.0 (mac64) logging started Tue Apr 21 17:54:26 2015

Optimize a model with 5499 rows, 84259 columns and 256477 nonzeros
Coefficient statistics:
  Matrix range    [1e+00, 7e+03]
  Objective range [1e+00, 1e+00]
  Bounds range    [1e+00, 1e+00]
  RHS range       [1e+00, 3e+01]
Presolve removed 156 rows and 1923 columns
Presolve time: 1.00s
Presolved: 5343 rows, 82336 columns, 247008 nonzeros
Variable types: 0 continuous, 82336 integer (82336 binary)

Root relaxation: infeasible, 4250 iterations, 0.66 seconds

    Nodes    |    Current Node    |     Objective Bounds      |     Work
 Expl Unexpl |  Obj  Depth IntInf | Incumbent    BestBd   Gap | It/Node Time

     0     0 infeasible    0               - infeasible      -     -    3s

Explored 0 nodes (4250 simplex iterations) in 3.08 seconds
Thread count was 2 (of 2 available processors)

Model is infeasible or unbounded
Best objective -, best bound -, gap -

Gurobi 6.0.0 (mac64) logging started Tue Apr 21 19:49:08 2015

Optimize a model with 5499 rows, 84259 columns and 256477 nonzeros
Coefficient statistics:
  Matrix range    [1e+00, 7e+03]
  Objective range [1e+00, 1e+00]
  Bounds range    [1e+00, 1e+00]
  RHS range       [1e+00, 3e+01]
Presolve removed 156 rows and 1923 columns
Presolve time: 0.90s
Presolved: 5343 rows, 82336 columns, 247008 nonzeros
Variable types: 0 continuous, 82336 integer (82336 binary)

Root relaxation: infeasible, 4250 iterations, 0.62 seconds

    Nodes    |    Current Node    |     Objective Bounds      |     Work
 Expl Unexpl |  Obj  Depth IntInf | Incumbent    BestBd   Gap | It/Node Time

     0     0 infeasible    0               - infeasible      -     -    2s

Explored 0 nodes (4250 simplex iterations) in 2.77 seconds
Thread count was 2 (of 2 available processors)

Model is infeasible or unbounded
Best objective -, best bound -, gap -
